     1                                  extern printf
     2                                  extern fscanf
     3                                  
     4                                  extern FEATURE
     5                                  extern CARTOON
     6                                  extern DOCUMENTARY
     7                                  
     8                                  
     9                                  global InFeature
    10                                  InFeature:
    11                                  section .data
    12 00000000 25642564256400              .infmt db "%d%d%d",0
    13                                  section .bss
    14 00000000 <res 00000008>              .FILE      resq    1   
    15 00000008 <res 00000008>              .pfeature  resq    1 
    16                                  section .text
    17 00000000 55                      push rbp
    18 00000001 4889E5                  mov rbp, rsp
    19                                      
    20 00000004 48893C25[08000000]          mov     [.pfeature], rdi          
    21 0000000C 48893425[00000000]          mov     [.FILE], rsi         
    22                                   
    23 00000014 488B3C25[00000000]          mov     rdi, [.FILE]
    24 0000001C 48BE-                       mov     rsi, .infmt        
    24 0000001E [0000000000000000] 
    25 00000026 488B1425[08000000]          mov     rdx, [.pfeature]       
    26 0000002E 488B0C25[08000000]          mov     rcx, [.pfeature]
    27 00000036 4883C104                    add     rcx, 4              
    28 0000003A 4C8B0425[08000000]          mov     r8,  [.pfeature]
    29 00000042 4983C008                    add     r8,  8              
    30 00000046 4C8B0C25[08000000]          mov     r9,  [.pfeature]
    31 0000004E 4983C10C                    add     r9,  12 
    32 00000052 B800000000                  mov     rax, 0              
    33 00000057 E8(00000000)                call    fscanf
    34                                  
    35 0000005C C9                      leave
    36 0000005D C3                      ret
    37                                  
    38                                  
    39                                  global InCartoon
    40                                  InCartoon:
    41                                  section .data
    42 00000007 25642564256400              .infmt db "%d%d%d",0
    43                                  section .bss
    44 00000010 <res 00000008>              .FILE      resq    1   
    45 00000018 <res 00000008>              .pcartoon  resq    1 
    46                                  section .text
    47 0000005E 55                      push rbp
    48 0000005F 4889E5                  mov rbp, rsp
    49                                      
    50 00000062 48893C25[18000000]          mov     [.pcartoon], rdi          
    51 0000006A 48893425[10000000]          mov     [.FILE], rsi         
    52                                   
    53 00000072 488B3C25[10000000]          mov     rdi, [.FILE]
    54 0000007A 48BE-                       mov     rsi, .infmt        
    54 0000007C [0700000000000000] 
    55 00000084 488B1425[18000000]          mov     rdx, [.pcartoon]       
    56 0000008C 488B0C25[18000000]          mov     rcx, [.pcartoon]
    57 00000094 4883C104                    add     rcx, 4              
    58 00000098 4C8B0425[18000000]          mov     r8,  [.pcartoon]
    59 000000A0 4983C008                    add     r8,  8              
    60 000000A4 4C8B0C25[18000000]          mov     r9,  [.pcartoon]
    61 000000AC 4983C10C                    add     r9,  12 
    62 000000B0 B800000000                  mov     rax, 0              
    63 000000B5 E8(00000000)                call    fscanf
    64                                  
    65 000000BA C9                      leave
    66 000000BB C3                      ret
    67                                  
    68                                  global InDocumentary
    69                                  InDocumentary:
    70                                  section .data
    71 0000000E 25642564256400              .infmt db "%d%d%d",0
    72                                  section .bss
    73 00000020 <res 00000008>              .FILE      resq    1   
    74 00000028 <res 00000008>              .pdocument resq    1 
    75                                  section .text
    76 000000BC 55                      push rbp
    77 000000BD 4889E5                  mov rbp, rsp
    78                                      
    79 000000C0 48893C25[28000000]          mov     [.pdocument], rdi          
    80 000000C8 48893425[20000000]          mov     [.FILE], rsi         
    81                                   
    82 000000D0 488B3C25[20000000]          mov     rdi, [.FILE]
    83 000000D8 48BE-                       mov     rsi, .infmt        
    83 000000DA [0E00000000000000] 
    84 000000E2 488B1425[28000000]          mov     rdx, [.pdocument]       
    85 000000EA 488B0C25[28000000]          mov     rcx, [.pdocument]
    86 000000F2 4883C104                    add     rcx, 4              
    87 000000F6 4C8B0425[28000000]          mov     r8,  [.pdocument]
    88 000000FE 4983C008                    add     r8,  8              
    89 00000102 4C8B0C25[28000000]          mov     r9,  [.pdocument]
    90 0000010A 4983C10C                    add     r9,  12 
    91 0000010E B800000000                  mov     rax, 0              
    92 00000113 E8(00000000)                call    fscanf
    93                                  
    94 00000118 C9                      leave
    95 00000119 C3                      ret
    96                                  
    97                                  
    98                                  global InFilm
    99                                  InFilm:
   100                                  section .data
   101 00000015 256400                      .tagFormat   db      "%d",0
   102 00000018 5461672069733A2025-         .tagOutFmt   db      "Tag is: %d",10,0
   102 00000021 640A00             
   103                                  section .bss
   104 00000030 <res 00000008>              .FILE        resq    1   
   105 00000038 <res 00000008>              .pfilm       resq    1   
   106 00000040 <res 00000004>              .filmTag     resd    1  
   107                                  section .text
   108 0000011A 55                      push rbp
   109 0000011B 4889E5                  mov rbp, rsp
   110                                  
   111 0000011E 48893C25[38000000]          mov     [.pfilm], rdi          
   112 00000126 48893425[30000000]          mov     [.FILE], rsi           
   113                                  
   114 0000012E 488B3C25[30000000]          mov     rdi, [.FILE]
   115 00000136 48BE-                       mov     rsi, .tagFormat
   115 00000138 [1500000000000000] 
   116 00000140 488B1425[38000000]          mov     rdx, [.pfilm]     
   117 00000148 4831C0                      xor     rax, rax           
   118 0000014B E8(00000000)                call    fscanf
   119                                  
   120 00000150 488B0C25[38000000]          mov rcx, [.pfilm]         
   121 00000158 8B01                        mov eax, [rcx]              
   122 0000015A 3B0425[00000000]            cmp eax, [FEATURE]
   123 00000161 7416                        je .featureIn
   124 00000163 3B0425[00000000]            cmp eax, [CARTOON]
   125 0000016A 742D                        je .cartoonIn
   126 0000016C 3B0425[00000000]            cmp eax, [DOCUMENTARY]
   127 00000173 7444                        je .documentIn
   128 00000175 31C0                        xor eax, eax   
   129 00000177 EB60                        jmp     .return
   130                                  .featureIn:
   131 00000179 488B3C25[38000000]          mov     rdi, [.pfilm]
   132 00000181 4883C704                    add     rdi, 4
   133 00000185 488B3425[30000000]          mov     rsi, [.FILE]
   134 0000018D E86EFEFFFF                  call    InFeature
   135 00000192 B801000000                  mov     rax, 1
   136 00000197 EB40                        jmp     .return
   137                                  .cartoonIn:
   138 00000199 488B3C25[38000000]          mov     rdi, [.pfilm]
   139 000001A1 4883C704                    add     rdi, 4
   140 000001A5 488B3425[30000000]          mov     rsi, [.FILE]
   141 000001AD E8ACFEFFFF                  call    InCartoon
   142 000001B2 B801000000                  mov     rax, 1  
   143 000001B7 EB20                        jmp     .return
   144                                  .documentIn:
   145 000001B9 488B3C25[38000000]          mov     rdi, [.pfilm]
   146 000001C1 4883C704                    add     rdi, 4
   147 000001C5 488B3425[30000000]          mov     rsi, [.FILE]
   148 000001CD E8EAFEFFFF                  call    InDocumentary
   149 000001D2 B801000000                  mov     rax, 1  
   150 000001D7 EB00                        jmp     .return
   151                                  .return:
   152                                  
   153 000001D9 C9                      leave
   154 000001DA C3                      ret
   155                                  
   156                                  
   157                                  global InContainer
   158                                  InContainer:
   159                                  section .bss
   160 00000044 <res 00000008>              .pcont  resq    1   
   161 0000004C <res 00000008>              .plen   resq    1   
   162 00000054 <res 00000008>              .FILE   resq    1   
   163                                  section .text
   164 000001DB 55                      push rbp
   165 000001DC 4889E5                  mov rbp, rsp
   166                                  
   167 000001DF 48893C25[44000000]          mov [.pcont], rdi   
   168 000001E7 48893425[4C000000]          mov [.plen], rsi    
   169 000001EF 48891425[54000000]          mov [.FILE], rdx   
   170                                  
   171 000001F7 4831DB                      xor rbx, rbx      
   172 000001FA 4889D6                      mov rsi, rdx      
   173                                  .loop:
   174 000001FD 57                          push rdi
   175 000001FE 53                          push rbx
   176                                  
   177 000001FF 488B3425[54000000]          mov     rsi, [.FILE]
   178 00000207 B800000000                  mov     rax, 0     
   179 0000020C E809FFFFFF                  call    InFilm    
   180 00000211 4883F800                    cmp rax, 0        
   181 00000215 7E0B                        jle  .return  
   182                                  
   183 00000217 5B                          pop rbx
   184 00000218 48FFC3                      inc rbx
   185                                  
   186 0000021B 5F                          pop rdi
   187 0000021C 4883C710                    add rdi, 16          
   188                                  
   189 00000220 EBDB                        jmp .loop
   190                                  .return:
   191 00000222 488B0425[4C000000]          mov rax, [.plen]   
   192 0000022A 8918                        mov [rax], ebx    
   193 0000022C C9                      leave
   194 0000022D C3                      ret
