     1                                  extern printf
     2                                  extern fprintf
     3                                  
     4                                  extern FILM_FUNC
     5                                  
     6                                  
     7                                  extern FEATURE
     8                                  extern CARTOON
     9                                  extern DOCUMENTARY
    10                                  
    11                                  extern  HAND_DRAWN
    12                                  extern  PUPPET
    13                                  extern  PLASTICINE
    14                                  extern  hand_drawnstr
    15                                  extern  puppetstr      
    16                                  extern  plasticinestr  
    17                                  
    18                                  
    19                                  global OutFeature
    20                                  OutFeature:
    21                                  section .data
    22 00000000 497420697320466561-         .outfmt db "It is Feature film: Title = %d, Year = %d, Director = %d, Function result = %f.", 10, 0 
    22 00000009 747572652066696C6D-
    22 00000012 3A205469746C65203D-
    22 0000001B 2025642C2059656172-
    22 00000024 203D2025642C204469-
    22 0000002D 726563746F72203D20-
    22 00000036 25642C2046756E6374-
    22 0000003F 696F6E20726573756C-
    22 00000048 74203D2025662E0A00 
    23                                  section .bss
    24 00000000 <res 00000008>              .pfeature  resq  1
    25 00000008 <res 00000008>              .FILE      resq  1     
    26 00000010 <res 00000008>              .f         resq  1 
    27                                  section .text
    28 00000000 55                      push rbp
    29 00000001 4889E5                  mov rbp, rsp
    30                                  
    31 00000004 48893C25[00000000]          mov     [.pfeature], rdi         
    32 0000000C 48893425[08000000]          mov     [.FILE], rsi         
    33                                  
    34 00000014 E8(00000000)                call    FILM_FUNC
    35 00000019 F2490F2AC2                  cvtsi2sd  xmm0, r10 
    36                                  
    37 0000001E 488B3C25[08000000]          mov     rdi, [.FILE]
    38 00000026 48BE-                       mov     rsi, .outfmt    
    38 00000028 [0000000000000000] 
    39 00000030 488B0425[00000000]          mov     rax, [.pfeature]       
    40 00000038 8B10                        mov     edx, [rax]        
    41 0000003A 8B4804                      mov     ecx, [rax+4]     
    42 0000003D 4C8B4008                    mov     r8,  [rax+8]  
    43 00000041 B801000000                  mov     rax, 1
    44 00000046 E8(00000000)                call    fprintf
    45                                  
    46 0000004B C9                      leave
    47 0000004C C3                      ret
    48                                  
    49                                  
    50                                  global OutCartoon
    51                                  OutCartoon:
    52                                  section .data
    53 00000051 497420697320436172-         .outfmt      db "It is Cartoon film: Title = %d, Year = %d, Function result = %f, ", 0 
    53 0000005A 746F6F6E2066696C6D-
    53 00000063 3A205469746C65203D-
    53 0000006C 2025642C2059656172-
    53 00000075 203D2025642C204675-
    53 0000007E 6E6374696F6E207265-
    53 00000087 73756C74203D202566-
    53 00000090 2C2000             
    54 00000093 54797065203D202573-         .outfmttype  db "Type = %s.", 10,0 
    54 0000009C 2E0A00             
    55                                  section .bss
    56 00000018 <res 00000008>              .pcartoon  resq  1
    57 00000020 <res 00000008>              .FILE      resq  1     
    58 00000028 <res 00000008>              .f         resq  1 
    59                                  section .text
    60 0000004D 55                      push rbp
    61 0000004E 4889E5                  mov rbp, rsp
    62                                  
    63 00000051 48893C25[18000000]          mov     [.pcartoon], rdi         
    64 00000059 48893425[20000000]          mov     [.FILE], rsi         
    65                                  
    66 00000061 E8(00000000)                call    FILM_FUNC  
    67 00000066 F2490F2AC2                  cvtsi2sd  xmm0, r10
    68                                  
    69 0000006B 488B3C25[20000000]          mov     rdi, [.FILE]
    70 00000073 48BE-                       mov     rsi, .outfmt    
    70 00000075 [5100000000000000] 
    71 0000007D 488B0425[18000000]          mov     rax, [.pcartoon]       
    72 00000085 8B10                        mov     edx, [rax]        
    73 00000087 8B4804                      mov     ecx, [rax+4]     
    74 0000008A 4C8B4008                    mov     r8,  [rax+8]  
    75 0000008E B801000000                  mov     rax, 1 
    76 00000093 E8(00000000)                call    fprintf
    77                                      
    78 00000098 488B3C25[20000000]          mov rdi, [.FILE]
    79 000000A0 48BE-                       mov rsi, .outfmttype
    79 000000A2 [9300000000000000] 
    80 000000AA 488B0425[18000000]          mov rax, [.pcartoon]
    81 000000B2 8B500C                      mov edx, [rax+12]
    82 000000B5 3B1425[00000000]            cmp edx, [HAND_DRAWN]
    83 000000BC 7414                        je rHAND_DRAWN
    84 000000BE 3B1425[00000000]            cmp edx, [PUPPET]
    85 000000C5 741C                        je rPUPPET
    86 000000C7 3B1425[00000000]            cmp edx, [PLASTICINE]
    87 000000CE 7424                        je rPLASTICINE
    88 000000D0 EB33                        jmp end
    89                                  
    90                                      
    91                                      rHAND_DRAWN:
    92 000000D2 BA[00000000]                mov edx, hand_drawnstr
    93 000000D7 B800000000                  mov rax, 0
    94 000000DC E8(00000000)                call fprintf
    95 000000E1 EB22                        jmp end
    96                                      rPUPPET:
    97 000000E3 BA[00000000]                mov edx, puppetstr 
    98 000000E8 B800000000                  mov rax, 0
    99 000000ED E8(00000000)                call fprintf
   100 000000F2 EB11                        jmp end
   101                                      rPLASTICINE:
   102 000000F4 BA[00000000]                mov edx, plasticinestr
   103 000000F9 B800000000                  mov rax, 0
   104 000000FE E8(00000000)                call fprintf
   105 00000103 EB00                        jmp end
   106                                     
   107                                  end:  
   108 00000105 C9                      leave
   109 00000106 C3                      ret
   110                                  
   111                                  
   112                                  global OutDocumentary
   113                                  OutDocumentary:
   114                                  section .data
   115 0000009F 497420697320446F63-         .outfmt db "It is Documentary film: Title = %d, Year = %d, Duration (m.) = %d, Function result = %f.", 10, 0 
   115 000000A8 756D656E7461727920-
   115 000000B1 66696C6D3A20546974-
   115 000000BA 6C65203D2025642C20-
   115 000000C3 59656172203D202564-
   115 000000CC 2C204475726174696F-
   115 000000D5 6E20286D2E29203D20-
   115 000000DE 25642C2046756E6374-
   115 000000E7 696F6E20726573756C-
   115 000000F0 74203D2025662E0A00 
   116                                  section .bss
   117 00000030 <res 00000008>              .pdocument  resq  1
   118 00000038 <res 00000008>              .FILE       resq  1     
   119 00000040 <res 00000008>              .f          resq  1 
   120                                  section .text
   121 00000107 55                      push rbp
   122 00000108 4889E5                  mov rbp, rsp
   123                                  
   124 0000010B 48893C25[30000000]          mov     [.pdocument], rdi         
   125 00000113 48893425[38000000]          mov     [.FILE], rsi         
   126                                  
   127 0000011B E8(00000000)                call    FILM_FUNC
   128 00000120 F2490F2AC2                  cvtsi2sd  xmm0, r10     
   129                                  
   130 00000125 488B3C25[38000000]          mov     rdi, [.FILE]
   131 0000012D 48BE-                       mov     rsi, .outfmt       
   131 0000012F [9F00000000000000] 
   132 00000137 488B0425[30000000]          mov     rax, [.pdocument]       
   133 0000013F 8B10                        mov     edx, [rax]        
   134 00000141 8B4804                      mov     ecx, [rax+4]     
   135 00000144 4C8B4008                    mov     r8,  [rax+8]  
   136 00000148 B801000000                  mov     rax, 1
   137 0000014D E8(00000000)                call    fprintf
   138                                  
   139 00000152 C9                      leave
   140 00000153 C3                      ret
   141                                  
   142                                  
   143                                  
   144                                  global OutFilm
   145                                  OutFilm:
   146                                  section .data
   147 000000F9 496E636F7272656374-         .erFilm     db "Incorrect figure!",10,0
   147 00000102 20666967757265210A-
   147 0000010B 00                 
   148                                  section .text
   149 00000154 55                      push rbp
   150 00000155 4889E5                  mov rbp, rsp
   151 00000158 8B07                        mov eax, [rdi]
   152 0000015A 3B0425[00000000]            cmp eax, [FEATURE]
   153 00000161 7428                        je featureOut
   154 00000163 3B0425[00000000]            cmp eax, [CARTOON]
   155 0000016A 742A                        je cartoonOut
   156 0000016C 3B0425[00000000]            cmp eax, [DOCUMENTARY]
   157 00000173 742C                        je documentOut
   158 00000175 48BF-                       mov rdi, .erFilm
   158 00000177 [F900000000000000] 
   159 0000017F B800000000                  mov rax, 0
   160 00000184 E8(00000000)                call fprintf
   161 00000189 EB21                        jmp     return
   162                                  featureOut:
   163 0000018B 4883C704                    add     rdi, 4
   164 0000018F E86CFEFFFF                  call    OutFeature
   165 00000194 EB16                        jmp     return
   166                                  cartoonOut:
   167 00000196 4883C704                    add     rdi, 4
   168 0000019A E8AEFEFFFF                  call    OutCartoon
   169 0000019F EB0B                        jmp     return
   170                                  documentOut:
   171 000001A1 4883C704                    add     rdi, 4
   172 000001A5 E85DFFFFFF                  call    OutDocumentary
   173 000001AA EB00                        jmp     return
   174                                  return:
   175 000001AC C9                      leave
   176 000001AD C3                      ret
   177                                  
   178                                  
   179                                  global OutContainer
   180                                  OutContainer:
   181                                  section .data
   182 0000010C 25643A2000                  numFmt  db  "%d: ",0
   183                                  section .bss
   184 00000048 <res 00000008>              .pcont  resq    1  
   185 00000050 <res 00000004>              .len    resd    1
   186 00000054 <res 00000008>              .FILE   resq    1   
   187                                  section .text
   188 000001AE 55                      push rbp
   189 000001AF 4889E5                  mov rbp, rsp
   190                                  
   191 000001B2 48893C25[48000000]          mov [.pcont], rdi   
   192 000001BA 893425[50000000]            mov [.len],   esi   
   193 000001C1 48891425[54000000]          mov [.FILE],  rdx   
   194                                  
   195 000001C9 4889F3                      mov rbx, rsi            
   196 000001CC 31C9                        xor ecx, ecx           
   197 000001CE 4889D6                      mov rsi, rdx            
   198                                  .loop:
   199 000001D1 39D9                        cmp ecx, ebx           
   200 000001D3 7D4D                        jge .return            
   201                                  
   202 000001D5 53                          push rbx
   203 000001D6 51                          push rcx
   204                                  
   205 000001D7 488B3C25[54000000]          mov     rdi, [.FILE]    
   206 000001DF 48BE-                       mov     rsi, numFmt   
   206 000001E1 [0C01000000000000] 
   207 000001E9 89CA                        mov     edx, ecx     
   208 000001EB 4831C0                      xor     rax, rax,       
   209 000001EE E8(00000000)                call fprintf
   210                                  
   211 000001F3 488B3C25[48000000]          mov     rdi, [.pcont]
   212 000001FB 488B3425[54000000]          mov     rsi, [.FILE]
   213 00000203 E84CFFFFFF                  call OutFilm    
   214                                      
   215 00000208 59                          pop rcx
   216 00000209 5B                          pop rbx
   217 0000020A FFC1                        inc ecx               
   218                                  
   219 0000020C 488B0425[48000000]          mov     rax, [.pcont]
   220 00000214 4883C010                    add     rax, 16        
   221 00000218 48890425[48000000]          mov     [.pcont], rax
   222 00000220 EBAF                        jmp .loop
   223                                  .return:
   224 00000222 C9                      leave
   225 00000223 C3                      ret
